[2024-08-01T22:54:45.720+0000] {local_task_job_runner.py:120} INFO - ::group::Pre task execution logs
[2024-08-01T22:54:45.750+0000] {taskinstance.py:2076} INFO - Dependencies all met for dep_context=non-requeueable deps ti=<TaskInstance: reddit_dag.processing2 manual__2024-08-01T22:54:28.420191+00:00 [queued]>
[2024-08-01T22:54:45.763+0000] {taskinstance.py:2076} INFO - Dependencies all met for dep_context=requeueable deps ti=<TaskInstance: reddit_dag.processing2 manual__2024-08-01T22:54:28.420191+00:00 [queued]>
[2024-08-01T22:54:45.763+0000] {taskinstance.py:2306} INFO - Starting attempt 1 of 1
[2024-08-01T22:54:45.792+0000] {taskinstance.py:2330} INFO - Executing <Task(PythonOperator): processing2> on 2024-08-01 22:54:28.420191+00:00
[2024-08-01T22:54:45.798+0000] {standard_task_runner.py:64} INFO - Started process 3155 to run task
[2024-08-01T22:54:45.799+0000] {standard_task_runner.py:90} INFO - Running: ['airflow', 'tasks', 'run', 'reddit_dag', 'processing2', 'manual__2024-08-01T22:54:28.420191+00:00', '--job-id', '109', '--raw', '--subdir', 'DAGS_FOLDER/project_dag.py', '--cfg-path', '/tmp/tmp7w7wan9_']
[2024-08-01T22:54:45.801+0000] {standard_task_runner.py:91} INFO - Job 109: Subtask processing2
[2024-08-01T22:54:45.862+0000] {task_command.py:426} INFO - Running <TaskInstance: reddit_dag.processing2 manual__2024-08-01T22:54:28.420191+00:00 [running]> on host a520ee17329b
[2024-08-01T22:54:45.965+0000] {taskinstance.py:2648} INFO - Exporting env vars: AIRFLOW_CTX_DAG_OWNER='airflow' AIRFLOW_CTX_DAG_ID='reddit_dag' AIRFLOW_CTX_TASK_ID='processing2' AIRFLOW_CTX_EXECUTION_DATE='2024-08-01T22:54:28.420191+00:00' AIRFLOW_CTX_TRY_NUMBER='1' AIRFLOW_CTX_DAG_RUN_ID='manual__2024-08-01T22:54:28.420191+00:00'
[2024-08-01T22:54:45.966+0000] {taskinstance.py:430} INFO - ::endgroup::
[2024-08-01T22:54:45.992+0000] {logging_mixin.py:188} INFO - Paul Whelan released from Russia in prisoner swap that includes reporter Evan GershkovichUS and Israel discuss "new defensive military deployments" Release of Russian hackers believed to be first U.S. prisoner swap of international cybercriminalsThe U.S. moves to recognize election victory of Venezuelan opposition over MaduroWorld Bank warns 108 countries risk being stuck in â€˜middle-income trapâ€™Paul Whelan released from Russia in prisoner swap that includes reporter Evan GershkovichUS and Israel discuss "new defensive military deployments" Release of Russian hackers believed to be first U.S. prisoner swap of international cybercriminalsThe U.S. moves to recognize election victory of Venezuelan opposition over MaduroWorld Bank warns 108 countries risk being stuck in â€˜middle-income trapâ€™Paul Whelan released from Russia in prisoner swap that includes reporter Evan GershkovichUS and Israel discuss "new defensive military deployments" Release of Russian hackers believed to be first U.S. prisoner swap of international cybercriminalsThe U.S. moves to recognize election victory of Venezuelan opposition over MaduroWorld Bank warns 108 countries risk being stuck in â€˜middle-income trapâ€™Paul Whelan released from Russia in prisoner swap that includes reporter Evan GershkovichUS and Israel discuss "new defensive military deployments" Release of Russian hackers believed to be first U.S. prisoner swap of international cybercriminalsThe U.S. moves to recognize election victory of Venezuelan opposition over MaduroWorld Bank warns 108 countries risk being stuck in â€˜middle-income trapâ€™Paul Whelan released from Russia in prisoner swap that includes reporter Evan GershkovichUS and Israel discuss "new defensive military deployments" Release of Russian hackers believed to be first U.S. prisoner swap of international cybercriminalsThe U.S. moves to recognize election victory of Venezuelan opposition over MaduroWorld Bank warns 108 countries risk being stuck in â€˜middle-income trapâ€™Anger mounts over environmental cost of Google datacentre in UruguayPaul Whelan released from Russia in prisoner swap that includes reporter Evan GershkovichUS and Israel discuss "new defensive military deployments" Release of Russian hackers believed to be first U.S. prisoner swap of international cybercriminalsThe U.S. moves to recognize election victory of Venezuelan opposition over MaduroAnger mounts over environmental cost of Google datacentre in UruguayPaul Whelan released from Russia in prisoner swap that includes reporter Evan GershkovichUS and Israel discuss "new defensive military deployments" Release of Russian hackers believed to be first U.S. prisoner swap of international cybercriminalsThe U.S. moves to recognize election victory of Venezuelan opposition over MaduroAnger mounts over environmental cost of Google datacentre in UruguayPaul Whelan released from Russia in prisoner swap that includes reporter Evan GershkovichUS and Israel discuss "new defensive military deployments" Release of Russian hackers believed to be first U.S. prisoner swap of international cybercriminalsThe U.S. moves to recognize election victory of Venezuelan opposition over Maduro
[2024-08-01T22:54:45.994+0000] {taskinstance.py:441} INFO - ::group::Post task execution logs
[2024-08-01T22:54:45.994+0000] {taskinstance.py:2905} ERROR - Task failed with exception
Traceback (most recent call last):
  File "/home/airflow/.local/lib/python3.12/site-packages/nltk/corpus/util.py", line 84, in __load
    root = nltk.data.find(f"{self.subdir}/{zip_name}")
           ^^^^^^^^^^^^^^^^^^^^^^^^^^^^^^^^^^^^^^^^^^^
  File "/home/airflow/.local/lib/python3.12/site-packages/nltk/data.py", line 583, in find
    raise LookupError(resource_not_found)
LookupError: 
**********************************************************************
  Resource [93mstopwords[0m not found.
  Please use the NLTK Downloader to obtain the resource:

  [31m>>> import nltk
  >>> nltk.download('stopwords')
  [0m
  For more information see: https://www.nltk.org/data.html

  Attempted to load [93mcorpora/stopwords.zip/stopwords/[0m

  Searched in:
    - '/home/airflow/nltk_data'
    - '/home/airflow/.local/nltk_data'
    - '/home/airflow/.local/share/nltk_data'
    - '/home/airflow/.local/lib/nltk_data'
    - '/usr/share/nltk_data'
    - '/usr/local/share/nltk_data'
    - '/usr/lib/nltk_data'
    - '/usr/local/lib/nltk_data'
**********************************************************************


During handling of the above exception, another exception occurred:

Traceback (most recent call last):
  File "/home/airflow/.local/lib/python3.12/site-packages/airflow/models/taskinstance.py", line 465, in _execute_task
    result = _execute_callable(context=context, **execute_callable_kwargs)
             ^^^^^^^^^^^^^^^^^^^^^^^^^^^^^^^^^^^^^^^^^^^^^^^^^^^^^^^^^^^^^
  File "/home/airflow/.local/lib/python3.12/site-packages/airflow/models/taskinstance.py", line 432, in _execute_callable
    return execute_callable(context=context, **execute_callable_kwargs)
           ^^^^^^^^^^^^^^^^^^^^^^^^^^^^^^^^^^^^^^^^^^^^^^^^^^^^^^^^^^^^
  File "/home/airflow/.local/lib/python3.12/site-packages/airflow/models/baseoperator.py", line 401, in wrapper
    return func(self, *args, **kwargs)
           ^^^^^^^^^^^^^^^^^^^^^^^^^^^
  File "/home/airflow/.local/lib/python3.12/site-packages/airflow/operators/python.py", line 235, in execute
    return_value = self.execute_callable()
                   ^^^^^^^^^^^^^^^^^^^^^^^
  File "/home/airflow/.local/lib/python3.12/site-packages/airflow/operators/python.py", line 252, in execute_callable
    return self.python_callable(*self.op_args, **self.op_kwargs)
           ^^^^^^^^^^^^^^^^^^^^^^^^^^^^^^^^^^^^^^^^^^^^^^^^^^^^^
  File "/opt/airflow/dags/project_dag.py", line 89, in processing2
    stop_words = set(stopwords.words('english'))
                     ^^^^^^^^^^^^^^^
  File "/home/airflow/.local/lib/python3.12/site-packages/nltk/corpus/util.py", line 121, in __getattr__
    self.__load()
  File "/home/airflow/.local/lib/python3.12/site-packages/nltk/corpus/util.py", line 86, in __load
    raise e
  File "/home/airflow/.local/lib/python3.12/site-packages/nltk/corpus/util.py", line 81, in __load
    root = nltk.data.find(f"{self.subdir}/{self.__name}")
           ^^^^^^^^^^^^^^^^^^^^^^^^^^^^^^^^^^^^^^^^^^^^^^
  File "/home/airflow/.local/lib/python3.12/site-packages/nltk/data.py", line 583, in find
    raise LookupError(resource_not_found)
LookupError: 
**********************************************************************
  Resource [93mstopwords[0m not found.
  Please use the NLTK Downloader to obtain the resource:

  [31m>>> import nltk
  >>> nltk.download('stopwords')
  [0m
  For more information see: https://www.nltk.org/data.html

  Attempted to load [93mcorpora/stopwords[0m

  Searched in:
    - '/home/airflow/nltk_data'
    - '/home/airflow/.local/nltk_data'
    - '/home/airflow/.local/share/nltk_data'
    - '/home/airflow/.local/lib/nltk_data'
    - '/usr/share/nltk_data'
    - '/usr/local/share/nltk_data'
    - '/usr/lib/nltk_data'
    - '/usr/local/lib/nltk_data'
**********************************************************************

[2024-08-01T22:54:46.007+0000] {taskinstance.py:1206} INFO - Marking task as FAILED. dag_id=reddit_dag, task_id=processing2, run_id=manual__2024-08-01T22:54:28.420191+00:00, execution_date=20240801T225428, start_date=20240801T225445, end_date=20240801T225446
[2024-08-01T22:54:46.032+0000] {standard_task_runner.py:110} ERROR - Failed to execute job 109 for task processing2 (
**********************************************************************
  Resource [93mstopwords[0m not found.
  Please use the NLTK Downloader to obtain the resource:

  [31m>>> import nltk
  >>> nltk.download('stopwords')
  [0m
  For more information see: https://www.nltk.org/data.html

  Attempted to load [93mcorpora/stopwords[0m

  Searched in:
    - '/home/airflow/nltk_data'
    - '/home/airflow/.local/nltk_data'
    - '/home/airflow/.local/share/nltk_data'
    - '/home/airflow/.local/lib/nltk_data'
    - '/usr/share/nltk_data'
    - '/usr/local/share/nltk_data'
    - '/usr/lib/nltk_data'
    - '/usr/local/lib/nltk_data'
**********************************************************************
; 3155)
[2024-08-01T22:54:46.053+0000] {local_task_job_runner.py:243} INFO - Task exited with return code 1
[2024-08-01T22:54:46.069+0000] {taskinstance.py:3503} INFO - 0 downstream tasks scheduled from follow-on schedule check
[2024-08-01T22:54:46.071+0000] {local_task_job_runner.py:222} INFO - ::endgroup::
